0 info it worked if it ends with ok
1 verbose cli [ '/Users/John/.nvm/v0.10.22/bin/node',
1 verbose cli   '/Users/John/.nvm/v0.10.22/bin/npm',
1 verbose cli   'install',
1 verbose cli   'steroids',
1 verbose cli   '-g' ]
2 info using npm@1.3.14
3 info using node@v0.10.22
4 verbose cache add [ 'steroids', null ]
5 verbose cache add name=undefined spec="steroids" args=["steroids",null]
6 verbose parsed url { protocol: null,
6 verbose parsed url   slashes: null,
6 verbose parsed url   auth: null,
6 verbose parsed url   host: null,
6 verbose parsed url   port: null,
6 verbose parsed url   hostname: null,
6 verbose parsed url   hash: null,
6 verbose parsed url   search: null,
6 verbose parsed url   query: null,
6 verbose parsed url   pathname: 'steroids',
6 verbose parsed url   path: 'steroids',
6 verbose parsed url   href: 'steroids' }
7 silly lockFile ef7ce97f-steroids steroids
8 verbose lock steroids /Users/John/.npm/ef7ce97f-steroids.lock
9 silly lockFile ef7ce97f-steroids steroids
10 verbose addNamed [ 'steroids', '' ]
11 verbose addNamed [ null, '*' ]
12 silly lockFile 2ee5ed33-steroids steroids@
13 verbose lock steroids@ /Users/John/.npm/2ee5ed33-steroids.lock
14 silly lockFile 2ee5ed33-steroids steroids@
15 error Error: EACCES, open '/Users/John/.npm/2ee5ed33-steroids.lock'
15 error  { [Error: EACCES, open '/Users/John/.npm/2ee5ed33-steroids.lock']
15 error   errno: 3,
15 error   code: 'EACCES',
15 error   path: '/Users/John/.npm/2ee5ed33-steroids.lock' }
16 error Please try running this command again as root/Administrator.
17 error System Darwin 13.0.0
18 error command "/Users/John/.nvm/v0.10.22/bin/node" "/Users/John/.nvm/v0.10.22/bin/npm" "install" "steroids" "-g"
19 error cwd /Users/John/Desktop/hockey
20 error node -v v0.10.22
21 error npm -v 1.3.14
22 error path /Users/John/.npm/2ee5ed33-steroids.lock
23 error code EACCES
24 error errno 3
25 error stack Error: EACCES, open '/Users/John/.npm/2ee5ed33-steroids.lock'
26 verbose exit [ 3, true ]
